2025-01-05T08:58:26.420+09:00  INFO 18924 --- [main] com.manga.paradice.App$Companion         : Starting App.Companion using Java 17.0.0.1 with PID 18924 (C:\Users\kudob\project\manga-paradice\target\classes started by kudob in C:\Users\kudob\project\manga-paradice)
2025-01-05T08:58:26.426+09:00  INFO 18924 --- [main] com.manga.paradice.App$Companion         : No active profile set, falling back to 1 default profile: "default"
2025-01-05T08:58:28.361+09:00  INFO 18924 --- [main] o.s.b.w.embedded.tomcat.TomcatWebServer  : Tomcat initialized with port 8080 (http)
2025-01-05T08:58:28.381+09:00  INFO 18924 --- [main] o.apache.catalina.core.StandardService   : Starting service [Tomcat]
2025-01-05T08:58:28.382+09:00  INFO 18924 --- [main] o.apache.catalina.core.StandardEngine    : Starting Servlet engine: [Apache Tomcat/10.1.31]
2025-01-05T08:58:28.503+09:00  INFO 18924 --- [main] o.a.c.c.C.[Tomcat].[localhost].[/]       : Initializing Spring embedded WebApplicationContext
2025-01-05T08:58:28.503+09:00  INFO 18924 --- [main] w.s.c.ServletWebServerApplicationContext : Root WebApplicationContext: initialization completed in 2033 ms
2025-01-05T08:58:28.615+09:00  INFO 18924 --- [main] o.s.b.w.embedded.tomcat.TomcatWebServer  : Tomcat started on port 8080 (http) with context path '/'
2025-01-05T08:58:28.639+09:00  INFO 18924 --- [main] o.s.b.a.w.s.WelcomePageHandlerMapping    : Adding welcome page template: index
2025-01-05T08:58:28.816+09:00  INFO 18924 --- [main] com.manga.paradice.App$Companion         : Started App.Companion in 3.233 seconds (process running for 3.668)
2025-01-05T09:00:02.603+09:00  INFO 18924 --- [http-nio-8080-exec-1] o.a.c.c.C.[Tomcat].[localhost].[/]       : Initializing Spring DispatcherServlet 'dispatcherServlet'
2025-01-05T09:00:02.603+09:00  INFO 18924 --- [http-nio-8080-exec-1] o.s.web.servlet.DispatcherServlet        : Initializing Servlet 'dispatcherServlet'
2025-01-05T09:00:02.665+09:00  INFO 18924 --- [http-nio-8080-exec-1] o.s.web.servlet.DispatcherServlet        : Completed initialization in 62 ms
2025-01-05T09:00:02.688+09:00  WARN 18924 --- [http-nio-8080-exec-1] .s.s.UserDetailsServiceAutoConfiguration : 

Using generated security password: 40551755-4f64-4a63-8519-8103684ef3d1

This generated password is for development use only. Your security configuration must be updated before running your application in production.

2025-01-05T09:00:02.699+09:00  INFO 18924 --- [http-nio-8080-exec-1] r$InitializeUserDetailsManagerConfigurer : Global AuthenticationManager configured with UserDetailsService bean with name inMemoryUserDetailsManager
2025-01-05T09:00:02.748+09:00  WARN 18924 --- [http-nio-8080-exec-1] o.s.web.servlet.PageNotFound             : No mapping for GET /login
2025-01-05T09:00:02.750+09:00  WARN 18924 --- [http-nio-8080-exec-1] o.s.web.servlet.PageNotFound             : No endpoint GET /login.
2025-01-05T09:00:02.852+09:00  WARN 18924 --- [http-nio-8080-exec-2] o.s.web.servlet.PageNotFound             : No mapping for GET /favicon.ico
2025-01-05T09:00:02.853+09:00  WARN 18924 --- [http-nio-8080-exec-2] o.s.web.servlet.PageNotFound             : No endpoint GET /favicon.ico.
2025-01-05T10:35:46.728+09:00  WARN 18924 --- [http-nio-8080-exec-6] o.s.web.servlet.PageNotFound             : No mapping for GET /src/assets/image/sample_mangaka1.jpg
2025-01-05T10:35:46.729+09:00  WARN 18924 --- [http-nio-8080-exec-6] o.s.web.servlet.PageNotFound             : No endpoint GET /src/assets/image/sample_mangaka1.jpg.
2025-01-05T11:10:56.859+09:00  WARN 18924 --- [http-nio-8080-exec-4] o.s.web.servlet.PageNotFound             : No mapping for GET /src/assets/image/sample_mangaka10.jpg
2025-01-05T11:10:56.860+09:00  WARN 18924 --- [http-nio-8080-exec-4] o.s.web.servlet.PageNotFound             : No endpoint GET /src/assets/image/sample_mangaka10.jpg.
2025-01-05T11:13:22.198+09:00  INFO 8940 --- [main] com.manga.paradice.App$Companion         : Starting App.Companion using Java 17.0.0.1 with PID 8940 (C:\Users\kudob\project\manga-paradice\target\classes started by kudob in C:\Users\kudob\project\manga-paradice)
2025-01-05T11:13:22.200+09:00  INFO 8940 --- [main] com.manga.paradice.App$Companion         : No active profile set, falling back to 1 default profile: "default"
2025-01-05T11:13:22.907+09:00  INFO 8940 --- [main] o.s.b.w.embedded.tomcat.TomcatWebServer  : Tomcat initialized with port 8080 (http)
2025-01-05T11:13:22.915+09:00  INFO 8940 --- [main] o.apache.catalina.core.StandardService   : Starting service [Tomcat]
2025-01-05T11:13:22.915+09:00  INFO 8940 --- [main] o.apache.catalina.core.StandardEngine    : Starting Servlet engine: [Apache Tomcat/10.1.31]
2025-01-05T11:13:22.949+09:00  INFO 8940 --- [main] o.a.c.c.C.[Tomcat].[localhost].[/]       : Initializing Spring embedded WebApplicationContext
2025-01-05T11:13:22.949+09:00  INFO 8940 --- [main] w.s.c.ServletWebServerApplicationContext : Root WebApplicationContext: initialization completed in 723 ms
2025-01-05T11:13:23.022+09:00  INFO 8940 --- [main] o.s.b.w.embedded.tomcat.TomcatWebServer  : Tomcat started on port 8080 (http) with context path '/'
2025-01-05T11:13:23.043+09:00  INFO 8940 --- [main] o.s.b.a.w.s.WelcomePageHandlerMapping    : Adding welcome page template: index
2025-01-05T11:13:23.106+09:00  INFO 8940 --- [main] com.manga.paradice.App$Companion         : Started App.Companion in 1.13 seconds (process running for 1.295)
2025-01-05T11:13:23.167+09:00  INFO 8940 --- [http-nio-8080-exec-1] o.a.c.c.C.[Tomcat].[localhost].[/]       : Initializing Spring DispatcherServlet 'dispatcherServlet'
2025-01-05T11:13:23.167+09:00  INFO 8940 --- [http-nio-8080-exec-1] o.s.web.servlet.DispatcherServlet        : Initializing Servlet 'dispatcherServlet'
2025-01-05T11:13:23.210+09:00  INFO 8940 --- [http-nio-8080-exec-1] o.s.web.servlet.DispatcherServlet        : Completed initialization in 43 ms
2025-01-05T11:13:23.230+09:00  WARN 8940 --- [http-nio-8080-exec-1] .s.s.UserDetailsServiceAutoConfiguration : 

Using generated security password: 694950e0-6cd4-4b42-9b9f-8271128c4a23

This generated password is for development use only. Your security configuration must be updated before running your application in production.

2025-01-05T11:13:23.240+09:00  INFO 8940 --- [http-nio-8080-exec-1] r$InitializeUserDetailsManagerConfigurer : Global AuthenticationManager configured with UserDetailsService bean with name inMemoryUserDetailsManager
2025-01-05T11:13:23.394+09:00  WARN 8940 --- [http-nio-8080-exec-2] o.s.web.servlet.PageNotFound             : No mapping for GET /main.ts
2025-01-05T11:13:23.398+09:00  WARN 8940 --- [http-nio-8080-exec-2] o.s.web.servlet.PageNotFound             : No endpoint GET /main.ts.
2025-01-05T11:13:26.547+09:00  WARN 8940 --- [http-nio-8080-exec-5] o.s.web.servlet.PageNotFound             : No mapping for GET /main.ts
2025-01-05T11:13:26.547+09:00  WARN 8940 --- [http-nio-8080-exec-5] o.s.web.servlet.PageNotFound             : No endpoint GET /main.ts.
2025-01-05T11:13:42.375+09:00  WARN 8940 --- [http-nio-8080-exec-8] o.s.web.servlet.PageNotFound             : No mapping for GET /main.ts
2025-01-05T11:13:42.376+09:00  WARN 8940 --- [http-nio-8080-exec-8] o.s.web.servlet.PageNotFound             : No endpoint GET /main.ts.
2025-01-05T11:13:44.598+09:00  WARN 8940 --- [http-nio-8080-exec-10] o.s.web.servlet.PageNotFound             : No mapping for GET /main.ts
2025-01-05T11:13:44.599+09:00  WARN 8940 --- [http-nio-8080-exec-10] o.s.web.servlet.PageNotFound             : No endpoint GET /main.ts.
2025-01-05T11:14:04.359+09:00  WARN 8940 --- [http-nio-8080-exec-1] o.s.web.servlet.PageNotFound             : No mapping for GET /main.ts
2025-01-05T11:14:04.360+09:00  WARN 8940 --- [http-nio-8080-exec-1] o.s.web.servlet.PageNotFound             : No endpoint GET /main.ts.
2025-01-05T11:14:06.241+09:00  WARN 8940 --- [http-nio-8080-exec-3] o.s.web.servlet.PageNotFound             : No mapping for GET /main.ts
2025-01-05T11:14:06.241+09:00  WARN 8940 --- [http-nio-8080-exec-3] o.s.web.servlet.PageNotFound             : No endpoint GET /main.ts.
2025-01-05T11:14:08.276+09:00  WARN 8940 --- [http-nio-8080-exec-6] o.s.web.servlet.PageNotFound             : No mapping for GET /main.ts
2025-01-05T11:14:08.277+09:00  WARN 8940 --- [http-nio-8080-exec-6] o.s.web.servlet.PageNotFound             : No endpoint GET /main.ts.
2025-01-05T11:14:08.470+09:00  WARN 8940 --- [http-nio-8080-exec-10] o.s.web.servlet.PageNotFound             : No mapping for GET /main.ts
2025-01-05T11:14:08.470+09:00  WARN 8940 --- [http-nio-8080-exec-10] o.s.web.servlet.PageNotFound             : No endpoint GET /main.ts.
2025-01-05T11:14:08.648+09:00  WARN 8940 --- [http-nio-8080-exec-2] o.s.web.servlet.PageNotFound             : No mapping for GET /main.ts
2025-01-05T11:14:08.648+09:00  WARN 8940 --- [http-nio-8080-exec-2] o.s.web.servlet.PageNotFound             : No endpoint GET /main.ts.
2025-01-05T11:14:08.834+09:00  WARN 8940 --- [http-nio-8080-exec-5] o.s.web.servlet.PageNotFound             : No mapping for GET /main.ts
2025-01-05T11:14:08.835+09:00  WARN 8940 --- [http-nio-8080-exec-5] o.s.web.servlet.PageNotFound             : No endpoint GET /main.ts.
2025-01-05T11:14:09.052+09:00  WARN 8940 --- [http-nio-8080-exec-9] o.s.web.servlet.PageNotFound             : No mapping for GET /main.ts
2025-01-05T11:14:09.053+09:00  WARN 8940 --- [http-nio-8080-exec-9] o.s.web.servlet.PageNotFound             : No endpoint GET /main.ts.
2025-01-05T11:14:17.126+09:00  WARN 8940 --- [http-nio-8080-exec-1] o.s.web.servlet.PageNotFound             : No mapping for GET /main.ts
2025-01-05T11:14:17.126+09:00  WARN 8940 --- [http-nio-8080-exec-1] o.s.web.servlet.PageNotFound             : No endpoint GET /main.ts.
2025-01-05T11:14:17.377+09:00  WARN 8940 --- [http-nio-8080-exec-4] o.s.web.servlet.PageNotFound             : No mapping for GET /main.ts
2025-01-05T11:14:17.377+09:00  WARN 8940 --- [http-nio-8080-exec-4] o.s.web.servlet.PageNotFound             : No endpoint GET /main.ts.
2025-01-05T11:14:17.609+09:00  WARN 8940 --- [http-nio-8080-exec-8] o.s.web.servlet.PageNotFound             : No mapping for GET /main.ts
2025-01-05T11:14:17.610+09:00  WARN 8940 --- [http-nio-8080-exec-8] o.s.web.servlet.PageNotFound             : No endpoint GET /main.ts.
2025-01-05T11:14:17.810+09:00  WARN 8940 --- [http-nio-8080-exec-7] o.s.web.servlet.PageNotFound             : No mapping for GET /main.ts
2025-01-05T11:14:17.810+09:00  WARN 8940 --- [http-nio-8080-exec-7] o.s.web.servlet.PageNotFound             : No endpoint GET /main.ts.
2025-01-05T11:14:18.009+09:00  WARN 8940 --- [http-nio-8080-exec-3] o.s.web.servlet.PageNotFound             : No mapping for GET /main.ts
2025-01-05T11:14:18.009+09:00  WARN 8940 --- [http-nio-8080-exec-3] o.s.web.servlet.PageNotFound             : No endpoint GET /main.ts.
2025-01-05T11:14:18.202+09:00  WARN 8940 --- [http-nio-8080-exec-5] o.s.web.servlet.PageNotFound             : No mapping for GET /main.ts
2025-01-05T11:14:18.202+09:00  WARN 8940 --- [http-nio-8080-exec-5] o.s.web.servlet.PageNotFound             : No endpoint GET /main.ts.
2025-01-05T11:14:35.246+09:00  WARN 8940 --- [http-nio-8080-exec-10] o.s.web.servlet.PageNotFound             : No mapping for GET /main.ts
2025-01-05T11:14:35.246+09:00  WARN 8940 --- [http-nio-8080-exec-10] o.s.web.servlet.PageNotFound             : No endpoint GET /main.ts.
2025-01-05T11:14:55.686+09:00  INFO 10980 --- [main] com.manga.paradice.App$Companion         : Starting App.Companion using Java 17.0.0.1 with PID 10980 (C:\Users\kudob\project\manga-paradice\target\classes started by kudob in C:\Users\kudob\project\manga-paradice)
2025-01-05T11:14:55.688+09:00  INFO 10980 --- [main] com.manga.paradice.App$Companion         : No active profile set, falling back to 1 default profile: "default"
2025-01-05T11:14:56.337+09:00  INFO 10980 --- [main] o.s.b.w.embedded.tomcat.TomcatWebServer  : Tomcat initialized with port 8080 (http)
2025-01-05T11:14:56.343+09:00  INFO 10980 --- [main] o.apache.catalina.core.StandardService   : Starting service [Tomcat]
2025-01-05T11:14:56.345+09:00  INFO 10980 --- [main] o.apache.catalina.core.StandardEngine    : Starting Servlet engine: [Apache Tomcat/10.1.31]
2025-01-05T11:14:56.375+09:00  INFO 10980 --- [main] o.a.c.c.C.[Tomcat].[localhost].[/]       : Initializing Spring embedded WebApplicationContext
2025-01-05T11:14:56.375+09:00  INFO 10980 --- [main] w.s.c.ServletWebServerApplicationContext : Root WebApplicationContext: initialization completed in 662 ms
2025-01-05T11:14:56.444+09:00  INFO 10980 --- [main] o.s.b.w.embedded.tomcat.TomcatWebServer  : Tomcat started on port 8080 (http) with context path '/'
2025-01-05T11:14:56.464+09:00  INFO 10980 --- [main] o.s.b.a.w.s.WelcomePageHandlerMapping    : Adding welcome page template: index
2025-01-05T11:14:56.527+09:00  INFO 10980 --- [main] com.manga.paradice.App$Companion         : Started App.Companion in 1.06 seconds (process running for 1.22)
2025-01-05T11:15:00.332+09:00  INFO 10980 --- [http-nio-8080-exec-1] o.a.c.c.C.[Tomcat].[localhost].[/]       : Initializing Spring DispatcherServlet 'dispatcherServlet'
2025-01-05T11:15:00.333+09:00  INFO 10980 --- [http-nio-8080-exec-1] o.s.web.servlet.DispatcherServlet        : Initializing Servlet 'dispatcherServlet'
2025-01-05T11:15:00.372+09:00  INFO 10980 --- [http-nio-8080-exec-1] o.s.web.servlet.DispatcherServlet        : Completed initialization in 39 ms
2025-01-05T11:15:00.392+09:00  WARN 10980 --- [http-nio-8080-exec-1] .s.s.UserDetailsServiceAutoConfiguration : 

Using generated security password: 531fb61e-fba3-4d1b-b09d-f3d938d234b5

This generated password is for development use only. Your security configuration must be updated before running your application in production.

2025-01-05T11:15:00.401+09:00  INFO 10980 --- [http-nio-8080-exec-1] r$InitializeUserDetailsManagerConfigurer : Global AuthenticationManager configured with UserDetailsService bean with name inMemoryUserDetailsManager
2025-01-05T11:15:35.619+09:00  WARN 10980 --- [http-nio-8080-exec-10] o.s.web.servlet.PageNotFound             : No mapping for GET /@/assets/sample_mangaka1.jpg
2025-01-05T11:15:35.621+09:00  WARN 10980 --- [http-nio-8080-exec-10] o.s.web.servlet.PageNotFound             : No endpoint GET /@/assets/sample_mangaka1.jpg.
2025-01-05T11:15:35.700+09:00  WARN 10980 --- [http-nio-8080-exec-9] o.s.web.servlet.PageNotFound             : No mapping for GET /favicon.ico
2025-01-05T11:15:35.701+09:00  WARN 10980 --- [http-nio-8080-exec-9] o.s.web.servlet.PageNotFound             : No endpoint GET /favicon.ico.
2025-01-05T11:26:50.266+09:00  WARN 10980 --- [http-nio-8080-exec-6] o.s.web.servlet.PageNotFound             : No mapping for GET /@/assets/sample_mangaka1.jpg
2025-01-05T11:26:50.267+09:00  WARN 10980 --- [http-nio-8080-exec-6] o.s.web.servlet.PageNotFound             : No endpoint GET /@/assets/sample_mangaka1.jpg.
2025-01-05T11:46:27.082+09:00  INFO 9036 --- [main] com.manga.paradice.App$Companion         : Starting App.Companion using Java 17.0.0.1 with PID 9036 (C:\Users\kudob\project\manga-paradice\target\classes started by kudob in C:\Users\kudob\project\manga-paradice)
2025-01-05T11:46:27.084+09:00  INFO 9036 --- [main] com.manga.paradice.App$Companion         : No active profile set, falling back to 1 default profile: "default"
2025-01-05T11:46:27.745+09:00  INFO 9036 --- [main] o.s.b.w.embedded.tomcat.TomcatWebServer  : Tomcat initialized with port 8080 (http)
2025-01-05T11:46:27.751+09:00  INFO 9036 --- [main] o.apache.catalina.core.StandardService   : Starting service [Tomcat]
2025-01-05T11:46:27.752+09:00  INFO 9036 --- [main] o.apache.catalina.core.StandardEngine    : Starting Servlet engine: [Apache Tomcat/10.1.31]
2025-01-05T11:46:27.784+09:00  INFO 9036 --- [main] o.a.c.c.C.[Tomcat].[localhost].[/]       : Initializing Spring embedded WebApplicationContext
2025-01-05T11:46:27.784+09:00  INFO 9036 --- [main] w.s.c.ServletWebServerApplicationContext : Root WebApplicationContext: initialization completed in 674 ms
2025-01-05T11:46:27.855+09:00  INFO 9036 --- [main] o.s.b.w.embedded.tomcat.TomcatWebServer  : Tomcat started on port 8080 (http) with context path '/'
2025-01-05T11:46:27.876+09:00  INFO 9036 --- [main] o.s.b.a.w.s.WelcomePageHandlerMapping    : Adding welcome page template: index
2025-01-05T11:46:27.936+09:00  INFO 9036 --- [main] com.manga.paradice.App$Companion         : Started App.Companion in 1.087 seconds (process running for 1.249)
2025-01-05T11:46:38.790+09:00  INFO 9036 --- [http-nio-8080-exec-1] o.a.c.c.C.[Tomcat].[localhost].[/]       : Initializing Spring DispatcherServlet 'dispatcherServlet'
2025-01-05T11:46:38.790+09:00  INFO 9036 --- [http-nio-8080-exec-1] o.s.web.servlet.DispatcherServlet        : Initializing Servlet 'dispatcherServlet'
2025-01-05T11:46:38.830+09:00  INFO 9036 --- [http-nio-8080-exec-1] o.s.web.servlet.DispatcherServlet        : Completed initialization in 40 ms
2025-01-05T11:46:38.849+09:00  WARN 9036 --- [http-nio-8080-exec-1] .s.s.UserDetailsServiceAutoConfiguration : 

Using generated security password: c279cb1f-ef31-4c5e-90d6-966c3f2494b2

This generated password is for development use only. Your security configuration must be updated before running your application in production.

2025-01-05T11:46:38.859+09:00  INFO 9036 --- [http-nio-8080-exec-1] r$InitializeUserDetailsManagerConfigurer : Global AuthenticationManager configured with UserDetailsService bean with name inMemoryUserDetailsManager
2025-01-05T14:34:11.502+09:00  WARN 9036 --- [http-nio-8080-exec-1] o.s.web.servlet.PageNotFound             : No mapping for GET /favicon.ico
2025-01-05T14:34:11.511+09:00  WARN 9036 --- [http-nio-8080-exec-1] o.s.web.servlet.PageNotFound             : No endpoint GET /favicon.ico.
2025-01-05T14:38:42.330+09:00  WARN 9036 --- [http-nio-8080-exec-9] o.s.web.servlet.PageNotFound             : No mapping for GET /favicon.ico
2025-01-05T14:38:42.331+09:00  WARN 9036 --- [http-nio-8080-exec-9] o.s.web.servlet.PageNotFound             : No endpoint GET /favicon.ico.
2025-01-05T14:39:53.782+09:00  WARN 9036 --- [http-nio-8080-exec-7] o.s.web.servlet.PageNotFound             : No mapping for GET /manga/static/sample_logo4.ico
2025-01-05T14:39:53.783+09:00  WARN 9036 --- [http-nio-8080-exec-7] o.s.web.servlet.PageNotFound             : No endpoint GET /manga/static/sample_logo4.ico.
2025-01-05T15:14:47.390+09:00  WARN 9036 --- [http-nio-8080-exec-5] o.s.web.servlet.PageNotFound             : No mapping for GET /favicon.ico
2025-01-05T15:14:47.391+09:00  WARN 9036 --- [http-nio-8080-exec-5] o.s.web.servlet.PageNotFound             : No endpoint GET /favicon.ico.
2025-01-05T15:21:42.434+09:00  INFO 2640 --- [main] com.manga.paradice.App$Companion         : Starting App.Companion using Java 17.0.0.1 with PID 2640 (C:\Users\kudob\project\manga-paradice\target\classes started by kudob in C:\Users\kudob\project\manga-paradice)
2025-01-05T15:21:42.435+09:00  INFO 2640 --- [main] com.manga.paradice.App$Companion         : No active profile set, falling back to 1 default profile: "default"
2025-01-05T15:21:43.105+09:00  INFO 2640 --- [main] o.s.b.w.embedded.tomcat.TomcatWebServer  : Tomcat initialized with port 8080 (http)
2025-01-05T15:21:43.112+09:00  INFO 2640 --- [main] o.apache.catalina.core.StandardService   : Starting service [Tomcat]
2025-01-05T15:21:43.112+09:00  INFO 2640 --- [main] o.apache.catalina.core.StandardEngine    : Starting Servlet engine: [Apache Tomcat/10.1.31]
2025-01-05T15:21:43.141+09:00  INFO 2640 --- [main] o.a.c.c.C.[Tomcat].[localhost].[/]       : Initializing Spring embedded WebApplicationContext
2025-01-05T15:21:43.141+09:00  INFO 2640 --- [main] w.s.c.ServletWebServerApplicationContext : Root WebApplicationContext: initialization completed in 680 ms
2025-01-05T15:21:43.214+09:00  INFO 2640 --- [main] o.s.b.w.embedded.tomcat.TomcatWebServer  : Tomcat started on port 8080 (http) with context path '/'
2025-01-05T15:21:43.236+09:00  INFO 2640 --- [main] o.s.b.a.w.s.WelcomePageHandlerMapping    : Adding welcome page template: index
2025-01-05T15:21:43.304+09:00  INFO 2640 --- [main] com.manga.paradice.App$Companion         : Started App.Companion in 1.099 seconds (process running for 1.281)
2025-01-05T15:21:50.920+09:00  INFO 2640 --- [http-nio-8080-exec-1] o.a.c.c.C.[Tomcat].[localhost].[/]       : Initializing Spring DispatcherServlet 'dispatcherServlet'
2025-01-05T15:21:50.921+09:00  INFO 2640 --- [http-nio-8080-exec-1] o.s.web.servlet.DispatcherServlet        : Initializing Servlet 'dispatcherServlet'
2025-01-05T15:21:50.961+09:00  INFO 2640 --- [http-nio-8080-exec-1] o.s.web.servlet.DispatcherServlet        : Completed initialization in 39 ms
2025-01-05T15:21:50.979+09:00  WARN 2640 --- [http-nio-8080-exec-1] .s.s.UserDetailsServiceAutoConfiguration : 

Using generated security password: 7f8a6f93-64da-401f-9dc2-2b1eb8709dcd

This generated password is for development use only. Your security configuration must be updated before running your application in production.

2025-01-05T15:21:50.989+09:00  INFO 2640 --- [http-nio-8080-exec-1] r$InitializeUserDetailsManagerConfigurer : Global AuthenticationManager configured with UserDetailsService bean with name inMemoryUserDetailsManager
2025-01-05T15:21:51.142+09:00  WARN 2640 --- [http-nio-8080-exec-2] o.s.web.servlet.PageNotFound             : No mapping for GET /main.ts
2025-01-05T15:21:51.146+09:00  WARN 2640 --- [http-nio-8080-exec-2] o.s.web.servlet.PageNotFound             : No endpoint GET /main.ts.
2025-01-05T15:22:08.779+09:00  WARN 2640 --- [http-nio-8080-exec-5] o.s.web.servlet.PageNotFound             : No mapping for GET /main.ts
2025-01-05T15:22:08.779+09:00  WARN 2640 --- [http-nio-8080-exec-5] o.s.web.servlet.PageNotFound             : No endpoint GET /main.ts.
2025-01-05T15:22:26.984+09:00  WARN 2640 --- [http-nio-8080-exec-8] o.s.web.servlet.PageNotFound             : No mapping for GET /main.ts
2025-01-05T15:22:26.985+09:00  WARN 2640 --- [http-nio-8080-exec-8] o.s.web.servlet.PageNotFound             : No endpoint GET /main.ts.
2025-01-05T15:22:40.071+09:00  WARN 2640 --- [http-nio-8080-exec-1] o.s.web.servlet.PageNotFound             : No mapping for GET /main.ts
2025-01-05T15:22:40.071+09:00  WARN 2640 --- [http-nio-8080-exec-1] o.s.web.servlet.PageNotFound             : No endpoint GET /main.ts.
2025-01-05T15:22:42.047+09:00  WARN 2640 --- [http-nio-8080-exec-4] o.s.web.servlet.PageNotFound             : No mapping for GET /main.ts
2025-01-05T15:22:42.047+09:00  WARN 2640 --- [http-nio-8080-exec-4] o.s.web.servlet.PageNotFound             : No endpoint GET /main.ts.
2025-01-05T15:22:42.928+09:00  WARN 2640 --- [http-nio-8080-exec-7] o.s.web.servlet.PageNotFound             : No mapping for GET /main.ts
2025-01-05T15:22:42.928+09:00  WARN 2640 --- [http-nio-8080-exec-7] o.s.web.servlet.PageNotFound             : No endpoint GET /main.ts.
2025-01-05T15:22:43.727+09:00  WARN 2640 --- [http-nio-8080-exec-10] o.s.web.servlet.PageNotFound             : No mapping for GET /main.ts
2025-01-05T15:22:43.727+09:00  WARN 2640 --- [http-nio-8080-exec-10] o.s.web.servlet.PageNotFound             : No endpoint GET /main.ts.
2025-01-05T15:22:53.593+09:00  WARN 2640 --- [http-nio-8080-exec-3] o.s.web.servlet.PageNotFound             : No mapping for GET /main.ts
2025-01-05T15:22:53.594+09:00  WARN 2640 --- [http-nio-8080-exec-3] o.s.web.servlet.PageNotFound             : No endpoint GET /main.ts.
2025-01-05T15:23:10.826+09:00  INFO 4004 --- [main] com.manga.paradice.App$Companion         : Starting App.Companion using Java 17.0.0.1 with PID 4004 (C:\Users\kudob\project\manga-paradice\target\classes started by kudob in C:\Users\kudob\project\manga-paradice)
2025-01-05T15:23:10.827+09:00  INFO 4004 --- [main] com.manga.paradice.App$Companion         : No active profile set, falling back to 1 default profile: "default"
2025-01-05T15:23:11.498+09:00  INFO 4004 --- [main] o.s.b.w.embedded.tomcat.TomcatWebServer  : Tomcat initialized with port 8080 (http)
2025-01-05T15:23:11.505+09:00  INFO 4004 --- [main] o.apache.catalina.core.StandardService   : Starting service [Tomcat]
2025-01-05T15:23:11.505+09:00  INFO 4004 --- [main] o.apache.catalina.core.StandardEngine    : Starting Servlet engine: [Apache Tomcat/10.1.31]
2025-01-05T15:23:11.534+09:00  INFO 4004 --- [main] o.a.c.c.C.[Tomcat].[localhost].[/]       : Initializing Spring embedded WebApplicationContext
2025-01-05T15:23:11.534+09:00  INFO 4004 --- [main] w.s.c.ServletWebServerApplicationContext : Root WebApplicationContext: initialization completed in 680 ms
2025-01-05T15:23:11.603+09:00  INFO 4004 --- [main] o.s.b.w.embedded.tomcat.TomcatWebServer  : Tomcat started on port 8080 (http) with context path '/'
2025-01-05T15:23:11.624+09:00  INFO 4004 --- [main] o.s.b.a.w.s.WelcomePageHandlerMapping    : Adding welcome page template: index
2025-01-05T15:23:11.689+09:00  INFO 4004 --- [main] com.manga.paradice.App$Companion         : Started App.Companion in 1.086 seconds (process running for 1.246)
2025-01-05T15:23:13.186+09:00  INFO 4004 --- [http-nio-8080-exec-1] o.a.c.c.C.[Tomcat].[localhost].[/]       : Initializing Spring DispatcherServlet 'dispatcherServlet'
2025-01-05T15:23:13.186+09:00  INFO 4004 --- [http-nio-8080-exec-1] o.s.web.servlet.DispatcherServlet        : Initializing Servlet 'dispatcherServlet'
2025-01-05T15:23:13.228+09:00  INFO 4004 --- [http-nio-8080-exec-1] o.s.web.servlet.DispatcherServlet        : Completed initialization in 42 ms
2025-01-05T15:23:13.247+09:00  WARN 4004 --- [http-nio-8080-exec-1] .s.s.UserDetailsServiceAutoConfiguration : 

Using generated security password: 1df23300-564b-4c47-961d-a6532b9b2953

This generated password is for development use only. Your security configuration must be updated before running your application in production.

2025-01-05T15:23:13.256+09:00  INFO 4004 --- [http-nio-8080-exec-1] r$InitializeUserDetailsManagerConfigurer : Global AuthenticationManager configured with UserDetailsService bean with name inMemoryUserDetailsManager
2025-01-05T15:34:09.426+09:00  INFO 20952 --- [main] com.manga.paradice.App$Companion         : Starting App.Companion using Java 17.0.0.1 with PID 20952 (C:\Users\kudob\project\manga-paradice\target\classes started by kudob in C:\Users\kudob\project\manga-paradice)
2025-01-05T15:34:09.428+09:00  INFO 20952 --- [main] com.manga.paradice.App$Companion         : No active profile set, falling back to 1 default profile: "default"
2025-01-05T15:34:10.090+09:00  INFO 20952 --- [main] o.s.b.w.embedded.tomcat.TomcatWebServer  : Tomcat initialized with port 8080 (http)
2025-01-05T15:34:10.096+09:00  INFO 20952 --- [main] o.apache.catalina.core.StandardService   : Starting service [Tomcat]
2025-01-05T15:34:10.096+09:00  INFO 20952 --- [main] o.apache.catalina.core.StandardEngine    : Starting Servlet engine: [Apache Tomcat/10.1.31]
2025-01-05T15:34:10.126+09:00  INFO 20952 --- [main] o.a.c.c.C.[Tomcat].[localhost].[/]       : Initializing Spring embedded WebApplicationContext
2025-01-05T15:34:10.127+09:00  INFO 20952 --- [main] w.s.c.ServletWebServerApplicationContext : Root WebApplicationContext: initialization completed in 669 ms
2025-01-05T15:34:10.199+09:00  INFO 20952 --- [main] o.s.b.w.embedded.tomcat.TomcatWebServer  : Tomcat started on port 8080 (http) with context path '/'
2025-01-05T15:34:10.220+09:00  INFO 20952 --- [main] o.s.b.a.w.s.WelcomePageHandlerMapping    : Adding welcome page template: index
2025-01-05T15:34:10.283+09:00  INFO 20952 --- [main] com.manga.paradice.App$Companion         : Started App.Companion in 1.077 seconds (process running for 1.237)
2025-01-05T15:34:25.918+09:00  INFO 20952 --- [http-nio-8080-exec-1] o.a.c.c.C.[Tomcat].[localhost].[/]       : Initializing Spring DispatcherServlet 'dispatcherServlet'
2025-01-05T15:34:25.918+09:00  INFO 20952 --- [http-nio-8080-exec-1] o.s.web.servlet.DispatcherServlet        : Initializing Servlet 'dispatcherServlet'
2025-01-05T15:34:25.958+09:00  INFO 20952 --- [http-nio-8080-exec-1] o.s.web.servlet.DispatcherServlet        : Completed initialization in 40 ms
2025-01-05T15:34:25.978+09:00  WARN 20952 --- [http-nio-8080-exec-1] .s.s.UserDetailsServiceAutoConfiguration : 

Using generated security password: 4ae78baf-8f34-4181-a2a1-ecd18125ad59

This generated password is for development use only. Your security configuration must be updated before running your application in production.

2025-01-05T15:34:25.988+09:00  INFO 20952 --- [http-nio-8080-exec-1] r$InitializeUserDetailsManagerConfigurer : Global AuthenticationManager configured with UserDetailsService bean with name inMemoryUserDetailsManager
2025-01-05T15:52:34.607+09:00  WARN 20952 --- [http-nio-8080-exec-6] o.s.web.servlet.PageNotFound             : No mapping for GET /login
2025-01-05T15:52:34.608+09:00  WARN 20952 --- [http-nio-8080-exec-6] o.s.web.servlet.PageNotFound             : No endpoint GET /login.
2025-01-05T15:52:34.731+09:00  WARN 20952 --- [http-nio-8080-exec-9] o.s.web.servlet.PageNotFound             : No mapping for GET /favicon.ico
2025-01-05T15:52:34.731+09:00  WARN 20952 --- [http-nio-8080-exec-9] o.s.web.servlet.PageNotFound             : No endpoint GET /favicon.ico.
2025-01-05T19:14:04.740+09:00  INFO 2180 --- [main] com.manga.paradice.App$Companion         : Starting App.Companion using Java 17.0.0.1 with PID 2180 (C:\Users\kudob\project\manga-paradice\target\classes started by kudob in C:\Users\kudob\project\manga-paradice)
2025-01-05T19:14:04.743+09:00  INFO 2180 --- [main] com.manga.paradice.App$Companion         : No active profile set, falling back to 1 default profile: "default"
2025-01-05T19:14:05.414+09:00  INFO 2180 --- [main] o.s.b.w.embedded.tomcat.TomcatWebServer  : Tomcat initialized with port 8080 (http)
2025-01-05T19:14:05.422+09:00  INFO 2180 --- [main] o.apache.catalina.core.StandardService   : Starting service [Tomcat]
2025-01-05T19:14:05.422+09:00  INFO 2180 --- [main] o.apache.catalina.core.StandardEngine    : Starting Servlet engine: [Apache Tomcat/10.1.31]
2025-01-05T19:14:05.452+09:00  INFO 2180 --- [main] o.a.c.c.C.[Tomcat].[localhost].[/]       : Initializing Spring embedded WebApplicationContext
2025-01-05T19:14:05.452+09:00  INFO 2180 --- [main] w.s.c.ServletWebServerApplicationContext : Root WebApplicationContext: initialization completed in 684 ms
2025-01-05T19:14:05.523+09:00  INFO 2180 --- [main] o.s.b.w.embedded.tomcat.TomcatWebServer  : Tomcat started on port 8080 (http) with context path '/'
2025-01-05T19:14:05.545+09:00  INFO 2180 --- [main] o.s.b.a.w.s.WelcomePageHandlerMapping    : Adding welcome page template: index
2025-01-05T19:14:05.609+09:00  INFO 2180 --- [main] com.manga.paradice.App$Companion         : Started App.Companion in 1.089 seconds (process running for 1.247)
2025-01-05T19:14:27.727+09:00  INFO 2180 --- [http-nio-8080-exec-1] o.a.c.c.C.[Tomcat].[localhost].[/]       : Initializing Spring DispatcherServlet 'dispatcherServlet'
2025-01-05T19:14:27.728+09:00  INFO 2180 --- [http-nio-8080-exec-1] o.s.web.servlet.DispatcherServlet        : Initializing Servlet 'dispatcherServlet'
2025-01-05T19:14:27.769+09:00  INFO 2180 --- [http-nio-8080-exec-1] o.s.web.servlet.DispatcherServlet        : Completed initialization in 41 ms
2025-01-05T19:14:27.787+09:00  WARN 2180 --- [http-nio-8080-exec-1] .s.s.UserDetailsServiceAutoConfiguration : 

Using generated security password: 047095a4-a977-448e-8784-a758f7b694c4

This generated password is for development use only. Your security configuration must be updated before running your application in production.

2025-01-05T19:14:27.797+09:00  INFO 2180 --- [http-nio-8080-exec-1] r$InitializeUserDetailsManagerConfigurer : Global AuthenticationManager configured with UserDetailsService bean with name inMemoryUserDetailsManager
2025-01-05T23:09:51.010+09:00  INFO 13732 --- [main] com.manga.paradice.App$Companion         : Starting App.Companion using Java 17.0.0.1 with PID 13732 (C:\Users\kudob\project\manga-paradice\target\classes started by kudob in C:\Users\kudob\project\manga-paradice)
2025-01-05T23:09:51.013+09:00  INFO 13732 --- [main] com.manga.paradice.App$Companion         : No active profile set, falling back to 1 default profile: "default"
2025-01-05T23:09:52.728+09:00  INFO 13732 --- [main] o.s.b.w.embedded.tomcat.TomcatWebServer  : Tomcat initialized with port 8080 (http)
2025-01-05T23:09:52.745+09:00  INFO 13732 --- [main] o.apache.catalina.core.StandardService   : Starting service [Tomcat]
2025-01-05T23:09:52.745+09:00  INFO 13732 --- [main] o.apache.catalina.core.StandardEngine    : Starting Servlet engine: [Apache Tomcat/10.1.31]
2025-01-05T23:09:52.796+09:00  INFO 13732 --- [main] o.a.c.c.C.[Tomcat].[localhost].[/]       : Initializing Spring embedded WebApplicationContext
2025-01-05T23:09:52.796+09:00  INFO 13732 --- [main] w.s.c.ServletWebServerApplicationContext : Root WebApplicationContext: initialization completed in 1742 ms
2025-01-05T23:09:52.891+09:00  INFO 13732 --- [main] o.s.b.w.embedded.tomcat.TomcatWebServer  : Tomcat started on port 8080 (http) with context path '/'
2025-01-05T23:09:52.917+09:00  INFO 13732 --- [main] o.s.b.a.w.s.WelcomePageHandlerMapping    : Adding welcome page template: index
2025-01-05T23:09:53.123+09:00  INFO 13732 --- [main] com.manga.paradice.App$Companion         : Started App.Companion in 2.407 seconds (process running for 2.738)
2025-01-05T23:10:17.491+09:00  INFO 13732 --- [http-nio-8080-exec-1] o.a.c.c.C.[Tomcat].[localhost].[/]       : Initializing Spring DispatcherServlet 'dispatcherServlet'
2025-01-05T23:10:17.492+09:00  INFO 13732 --- [http-nio-8080-exec-1] o.s.web.servlet.DispatcherServlet        : Initializing Servlet 'dispatcherServlet'
2025-01-05T23:10:17.565+09:00  INFO 13732 --- [http-nio-8080-exec-1] o.s.web.servlet.DispatcherServlet        : Completed initialization in 73 ms
2025-01-05T23:10:17.589+09:00  WARN 13732 --- [http-nio-8080-exec-1] .s.s.UserDetailsServiceAutoConfiguration : 

Using generated security password: 13bbce8f-9b4e-4cf1-a919-3cba70bf84c8

This generated password is for development use only. Your security configuration must be updated before running your application in production.

2025-01-05T23:10:17.600+09:00  INFO 13732 --- [http-nio-8080-exec-1] r$InitializeUserDetailsManagerConfigurer : Global AuthenticationManager configured with UserDetailsService bean with name inMemoryUserDetailsManager
2025-01-05T23:10:17.755+09:00  WARN 13732 --- [http-nio-8080-exec-2] o.s.web.servlet.PageNotFound             : No mapping for GET /main.ts
2025-01-05T23:10:17.758+09:00  WARN 13732 --- [http-nio-8080-exec-2] o.s.web.servlet.PageNotFound             : No endpoint GET /main.ts.
2025-01-05T23:10:20.549+09:00  WARN 13732 --- [http-nio-8080-exec-5] o.s.web.servlet.PageNotFound             : No mapping for GET /main.ts
2025-01-05T23:10:20.549+09:00  WARN 13732 --- [http-nio-8080-exec-5] o.s.web.servlet.PageNotFound             : No endpoint GET /main.ts.
2025-01-05T23:10:34.573+09:00  WARN 13732 --- [http-nio-8080-exec-7] o.s.web.servlet.PageNotFound             : No mapping for GET /main.ts
2025-01-05T23:10:34.573+09:00  WARN 13732 --- [http-nio-8080-exec-7] o.s.web.servlet.PageNotFound             : No endpoint GET /main.ts.
